Message[302] C:\USERS\AREEN\DESKTOP\NEW FOLDER\TIMER2.ASM 79 : Register in operand not in bank 0.  Ensure that bank bits are correct.
Message[302] C:\USERS\AREEN\DESKTOP\NEW FOLDER\TIMER2.ASM 81 : Register in operand not in bank 0.  Ensure that bank bits are correct.
Message[302] C:\USERS\AREEN\DESKTOP\NEW FOLDER\TIMER2.ASM 83 : Register in operand not in bank 0.  Ensure that bank bits are correct.
Message[302] C:\USERS\AREEN\DESKTOP\NEW FOLDER\TIMER2.ASM 84 : Register in operand not in bank 0.  Ensure that bank bits are correct.
Message[302] C:\USERS\AREEN\DESKTOP\NEW FOLDER\TIMER2.ASM 93 : Register in operand not in bank 0.  Ensure that bank bits are correct.
Message[302] C:\USERS\AREEN\DESKTOP\NEW FOLDER\TIMER2.ASM 97 : Register in operand not in bank 0.  Ensure that bank bits are correct.
Warning[203] C:\USERS\AREEN\DESKTOP\NEW FOLDER\TIMER2.ASM 128 : Found opcode in column 1. (addwf)
Message[305] C:\USERS\AREEN\DESKTOP\NEW FOLDER\TIMER2.ASM 128 : Using default destination of 1 (file).
Warning[203] C:\USERS\AREEN\DESKTOP\NEW FOLDER\TIMER2.ASM 129 : Found opcode in column 1. (retlw)
Warning[203] C:\USERS\AREEN\DESKTOP\NEW FOLDER\TIMER2.ASM 130 : Found opcode in column 1. (retlw)
Warning[203] C:\USERS\AREEN\DESKTOP\NEW FOLDER\TIMER2.ASM 131 : Found opcode in column 1. (retlw)
Warning[203] C:\USERS\AREEN\DESKTOP\NEW FOLDER\TIMER2.ASM 132 : Found opcode in column 1. (retlw)
Warning[203] C:\USERS\AREEN\DESKTOP\NEW FOLDER\TIMER2.ASM 133 : Found opcode in column 1. (retlw)
Warning[203] C:\USERS\AREEN\DESKTOP\NEW FOLDER\TIMER2.ASM 134 : Found opcode in column 1. (retlw)
Warning[203] C:\USERS\AREEN\DESKTOP\NEW FOLDER\TIMER2.ASM 135 : Found opcode in column 1. (retlw)
Warning[203] C:\USERS\AREEN\DESKTOP\NEW FOLDER\TIMER2.ASM 136 : Found opcode in column 1. (retlw)
Warning[203] C:\USERS\AREEN\DESKTOP\NEW FOLDER\TIMER2.ASM 137 : Found opcode in column 1. (retlw)
Warning[203] C:\USERS\AREEN\DESKTOP\NEW FOLDER\TIMER2.ASM 138 : Found opcode in column 1. (retlw)
Warning[203] C:\USERS\AREEN\DESKTOP\NEW FOLDER\TIMER2.ASM 145 : Found opcode in column 1. (btfss)
Warning[203] C:\USERS\AREEN\DESKTOP\NEW FOLDER\TIMER2.ASM 146 : Found opcode in column 1. (GOTO)
Warning[203] C:\USERS\AREEN\DESKTOP\NEW FOLDER\TIMER2.ASM 147 : Found opcode in column 1. (btfss)
Warning[203] C:\USERS\AREEN\DESKTOP\NEW FOLDER\TIMER2.ASM 148 : Found opcode in column 1. (GOTO)
Warning[203] C:\USERS\AREEN\DESKTOP\NEW FOLDER\TIMER2.ASM 149 : Found opcode in column 1. (GOTO)
Warning[203] C:\USERS\AREEN\DESKTOP\NEW FOLDER\TIMER2.ASM 152 : Found opcode in column 1. (decf)
Warning[203] C:\USERS\AREEN\DESKTOP\NEW FOLDER\TIMER2.ASM 153 : Found opcode in column 1. (movf)
Warning[203] C:\USERS\AREEN\DESKTOP\NEW FOLDER\TIMER2.ASM 154 : Found opcode in column 1. (call)
Warning[203] C:\USERS\AREEN\DESKTOP\NEW FOLDER\TIMER2.ASM 155 : Found opcode in column 1. (movwf)
Warning[203] C:\USERS\AREEN\DESKTOP\NEW FOLDER\TIMER2.ASM 156 : Found opcode in column 1. (movlw)
Warning[203] C:\USERS\AREEN\DESKTOP\NEW FOLDER\TIMER2.ASM 157 : Found opcode in column 1. (call)
Warning[203] C:\USERS\AREEN\DESKTOP\NEW FOLDER\TIMER2.ASM 158 : Found opcode in column 1. (movwf)
Warning[203] C:\USERS\AREEN\DESKTOP\NEW FOLDER\TIMER2.ASM 159 : Found opcode in column 1. (movf)
Warning[203] C:\USERS\AREEN\DESKTOP\NEW FOLDER\TIMER2.ASM 160 : Found opcode in column 1. (btfss)
Warning[203] C:\USERS\AREEN\DESKTOP\NEW FOLDER\TIMER2.ASM 161 : Found opcode in column 1. (GOTO)
Warning[203] C:\USERS\AREEN\DESKTOP\NEW FOLDER\TIMER2.ASM 165 : Found opcode in column 1. (movf)
Warning[203] C:\USERS\AREEN\DESKTOP\NEW FOLDER\TIMER2.ASM 166 : Found opcode in column 1. (call)
Warning[203] C:\USERS\AREEN\DESKTOP\NEW FOLDER\TIMER2.ASM 167 : Found opcode in column 1. (movwf)
Warning[203] C:\USERS\AREEN\DESKTOP\NEW FOLDER\TIMER2.ASM 168 : Found opcode in column 1. (movlw)
Warning[203] C:\USERS\AREEN\DESKTOP\NEW FOLDER\TIMER2.ASM 169 : Found opcode in column 1. (call)
Warning[203] C:\USERS\AREEN\DESKTOP\NEW FOLDER\TIMER2.ASM 170 : Found opcode in column 1. (movwf)
Warning[203] C:\USERS\AREEN\DESKTOP\NEW FOLDER\TIMER2.ASM 171 : Found opcode in column 1. (bcf)
Warning[203] C:\USERS\AREEN\DESKTOP\NEW FOLDER\TIMER2.ASM 172 : Found opcode in column 1. (bsf)
Warning[203] C:\USERS\AREEN\DESKTOP\NEW FOLDER\TIMER2.ASM 173 : Found opcode in column 1. (movf)
Warning[203] C:\USERS\AREEN\DESKTOP\NEW FOLDER\TIMER2.ASM 174 : Found opcode in column 1. (addlw)
Warning[203] C:\USERS\AREEN\DESKTOP\NEW FOLDER\TIMER2.ASM 175 : Found opcode in column 1. (sublw)
Warning[203] C:\USERS\AREEN\DESKTOP\NEW FOLDER\TIMER2.ASM 176 : Found opcode in column 1. (decf)
Warning[203] C:\USERS\AREEN\DESKTOP\NEW FOLDER\TIMER2.ASM 177 : Found opcode in column 1. (btfss)
Warning[203] C:\USERS\AREEN\DESKTOP\NEW FOLDER\TIMER2.ASM 178 : Found opcode in column 1. (GOTO)
Warning[203] C:\USERS\AREEN\DESKTOP\NEW FOLDER\TIMER2.ASM 181 : Found opcode in column 1. (movf)
Message[305] C:\USERS\AREEN\DESKTOP\NEW FOLDER\TIMER2.ASM 181 : Using default destination of 1 (file).
Warning[203] C:\USERS\AREEN\DESKTOP\NEW FOLDER\TIMER2.ASM 182 : Found opcode in column 1. (btfsc)
Warning[203] C:\USERS\AREEN\DESKTOP\NEW FOLDER\TIMER2.ASM 183 : Found opcode in column 1. (goto)
Warning[203] C:\USERS\AREEN\DESKTOP\NEW FOLDER\TIMER2.ASM 184 : Found opcode in column 1. (movf)
Warning[203] C:\USERS\AREEN\DESKTOP\NEW FOLDER\TIMER2.ASM 185 : Found opcode in column 1. (addlw)
Warning[203] C:\USERS\AREEN\DESKTOP\NEW FOLDER\TIMER2.ASM 186 : Found opcode in column 1. (sublw)
Warning[203] C:\USERS\AREEN\DESKTOP\NEW FOLDER\TIMER2.ASM 187 : Found opcode in column 1. (decf)
Message[305] C:\USERS\AREEN\DESKTOP\NEW FOLDER\TIMER2.ASM 187 : Using default destination of 1 (file).
Warning[203] C:\USERS\AREEN\DESKTOP\NEW FOLDER\TIMER2.ASM 188 : Found opcode in column 1. (btfsc)
Warning[203] C:\USERS\AREEN\DESKTOP\NEW FOLDER\TIMER2.ASM 189 : Found opcode in column 1. (goto)
Warning[203] C:\USERS\AREEN\DESKTOP\NEW FOLDER\TIMER2.ASM 190 : Found opcode in column 1. (movf)
Warning[203] C:\USERS\AREEN\DESKTOP\NEW FOLDER\TIMER2.ASM 191 : Found opcode in column 1. (call)
Warning[203] C:\USERS\AREEN\DESKTOP\NEW FOLDER\TIMER2.ASM 192 : Found opcode in column 1. (movlw)
Warning[203] C:\USERS\AREEN\DESKTOP\NEW FOLDER\TIMER2.ASM 193 : Found opcode in column 1. (call)
Warning[203] C:\USERS\AREEN\DESKTOP\NEW FOLDER\TIMER2.ASM 194 : Found opcode in column 1. (goto)
Warning[203] C:\USERS\AREEN\DESKTOP\NEW FOLDER\TIMER2.ASM 196 : Found opcode in column 1. (movlw)
Warning[203] C:\USERS\AREEN\DESKTOP\NEW FOLDER\TIMER2.ASM 197 : Found opcode in column 1. (movwf)
Warning[203] C:\USERS\AREEN\DESKTOP\NEW FOLDER\TIMER2.ASM 198 : Found opcode in column 1. (movf)
Warning[203] C:\USERS\AREEN\DESKTOP\NEW FOLDER\TIMER2.ASM 199 : Found opcode in column 1. (call)
Warning[203] C:\USERS\AREEN\DESKTOP\NEW FOLDER\TIMER2.ASM 200 : Found opcode in column 1. (movwf)
Warning[203] C:\USERS\AREEN\DESKTOP\NEW FOLDER\TIMER2.ASM 201 : Found opcode in column 1. (movlw)
Warning[203] C:\USERS\AREEN\DESKTOP\NEW FOLDER\TIMER2.ASM 202 : Found opcode in column 1. (call)
Warning[203] C:\USERS\AREEN\DESKTOP\NEW FOLDER\TIMER2.ASM 203 : Found opcode in column 1. (movwf)
Warning[203] C:\USERS\AREEN\DESKTOP\NEW FOLDER\TIMER2.ASM 205 : Found opcode in column 1. (bsf)
Warning[203] C:\USERS\AREEN\DESKTOP\NEW FOLDER\TIMER2.ASM 206 : Found opcode in column 1. (movf)
Warning[203] C:\USERS\AREEN\DESKTOP\NEW FOLDER\TIMER2.ASM 207 : Found opcode in column 1. (addlw)
Warning[203] C:\USERS\AREEN\DESKTOP\NEW FOLDER\TIMER2.ASM 208 : Found opcode in column 1. (sublw)
Warning[203] C:\USERS\AREEN\DESKTOP\NEW FOLDER\TIMER2.ASM 209 : Found opcode in column 1. (decf)
Warning[203] C:\USERS\AREEN\DESKTOP\NEW FOLDER\TIMER2.ASM 210 : Found opcode in column 1. (btfss)
Warning[203] C:\USERS\AREEN\DESKTOP\NEW FOLDER\TIMER2.ASM 211 : Found opcode in column 1. (goto)
Warning[203] C:\USERS\AREEN\DESKTOP\NEW FOLDER\TIMER2.ASM 221 : Found opcode in column 1. (bsf)
Warning[203] C:\USERS\AREEN\DESKTOP\NEW FOLDER\TIMER2.ASM 222 : Found opcode in column 1. (bcf)
Warning[203] C:\USERS\AREEN\DESKTOP\NEW FOLDER\TIMER2.ASM 230 : Found opcode in column 1. (goto)
Warning[203] C:\USERS\AREEN\DESKTOP\NEW FOLDER\TIMER2.ASM 235 : Found opcode in column 1. (btfss)
Warning[203] C:\USERS\AREEN\DESKTOP\NEW FOLDER\TIMER2.ASM 236 : Found opcode in column 1. (GOTO)
Warning[203] C:\USERS\AREEN\DESKTOP\NEW FOLDER\TIMER2.ASM 237 : Found opcode in column 1. (btfss)
Warning[203] C:\USERS\AREEN\DESKTOP\NEW FOLDER\TIMER2.ASM 238 : Found opcode in column 1. (GOTO)
Warning[203] C:\USERS\AREEN\DESKTOP\NEW FOLDER\TIMER2.ASM 239 : Found opcode in column 1. (GOTO)
Warning[203] C:\USERS\AREEN\DESKTOP\NEW FOLDER\TIMER2.ASM 241 : Found opcode in column 1. (bsf)
Warning[203] C:\USERS\AREEN\DESKTOP\NEW FOLDER\TIMER2.ASM 242 : Found opcode in column 1. (decf)
Warning[203] C:\USERS\AREEN\DESKTOP\NEW FOLDER\TIMER2.ASM 243 : Found opcode in column 1. (movf)
Warning[203] C:\USERS\AREEN\DESKTOP\NEW FOLDER\TIMER2.ASM 244 : Found opcode in column 1. (btfss)
Warning[203] C:\USERS\AREEN\DESKTOP\NEW FOLDER\TIMER2.ASM 245 : Found opcode in column 1. (GOTO)
Warning[203] C:\USERS\AREEN\DESKTOP\NEW FOLDER\TIMER2.ASM 249 : Found opcode in column 1. (bsf)
Warning[203] C:\USERS\AREEN\DESKTOP\NEW FOLDER\TIMER2.ASM 250 : Found opcode in column 1. (bcf)
Warning[203] C:\USERS\AREEN\DESKTOP\NEW FOLDER\TIMER2.ASM 251 : Found opcode in column 1. (decf)
Warning[203] C:\USERS\AREEN\DESKTOP\NEW FOLDER\TIMER2.ASM 252 : Found opcode in column 1. (movf)
Warning[203] C:\USERS\AREEN\DESKTOP\NEW FOLDER\TIMER2.ASM 253 : Found opcode in column 1. (btfss)
Warning[203] C:\USERS\AREEN\DESKTOP\NEW FOLDER\TIMER2.ASM 254 : Found opcode in column 1. (goto)
Warning[203] C:\USERS\AREEN\DESKTOP\NEW FOLDER\TIMER2.ASM 257 : Found opcode in column 1. (bcf)
Warning[203] C:\USERS\AREEN\DESKTOP\NEW FOLDER\TIMER2.ASM 258 : Found opcode in column 1. (bsf)
Warning[203] C:\USERS\AREEN\DESKTOP\NEW FOLDER\TIMER2.ASM 259 : Found opcode in column 1. (decf)
Warning[203] C:\USERS\AREEN\DESKTOP\NEW FOLDER\TIMER2.ASM 260 : Found opcode in column 1. (movf)
Warning[203] C:\USERS\AREEN\DESKTOP\NEW FOLDER\TIMER2.ASM 261 : Found opcode in column 1. (btfss)
Warning[203] C:\USERS\AREEN\DESKTOP\NEW FOLDER\TIMER2.ASM 269 : Found opcode in column 1. (goto)
Warning[203] C:\USERS\AREEN\DESKTOP\NEW FOLDER\TIMER2.ASM 270 : Found opcode in column 1. (goto)
Message[305] C:\USERS\AREEN\DESKTOP\NEW FOLDER\TIMER2.ASM 292 : Using default destination of 1 (file).
Warning[207] C:\USERS\AREEN\DESKTOP\NEW FOLDER\TIMER2.ASM 297 : Found label after column 1. (Continue)
Warning[206] C:\USERS\AREEN\DESKTOP\NEW FOLDER\TIMER2.ASM 310 : Found call to macro in column 1. (push)
